# JRE version: Java(TM) SE Runtime Environment (8.0_201-b09) (build 1.8.0_201-b09)
# Java VM: Java HotSpot(TM) 64-Bit Server VM (25.201-b09 mixed mode windows-amd64 compressed oops)
Heap:
 PSYoungGen      total 51712K, used 32679K [0x00000000f5580000, 0x00000000f8b80000, 0x0000000100000000)
  eden space 48128K, 60% used [0x00000000f5580000,0x00000000f71ed0e0,0x00000000f8480000)
  from space 3584K, 99% used [0x00000000f8800000,0x00000000f8b7ccb8,0x00000000f8b80000)
  to   space 3584K, 0% used [0x00000000f8480000,0x00000000f8480000,0x00000000f8800000)
 ParOldGen       total 62976K, used 2036K [0x00000000e0000000, 0x00000000e3d80000, 0x00000000f5580000)
  object space 62976K, 3% used [0x00000000e0000000,0x00000000e01fd088,0x00000000e3d80000)
 Metaspace       used 17144K, capacity 17350K, committed 17536K, reserved 1064960K
  class space    used 2068K, capacity 2155K, committed 2176K, reserved 1048576K
GC Heap History (8 events):
Event: 5.022 GC heap before
{Heap before GC invocations=1 (full 0):
 PSYoungGen      total 27648K, used 24064K [0x00000000f5580000, 0x00000000f7400000, 0x0000000100000000)
  eden space 24064K, 100% used [0x00000000f5580000,0x00000000f6d00000,0x00000000f6d00000)
  from space 3584K, 0% used [0x00000000f7080000,0x00000000f7080000,0x00000000f7400000)
  to   space 3584K, 0% used [0x00000000f6d00000,0x00000000f6d00000,0x00000000f7080000)
 ParOldGen       total 62976K, used 0K [0x00000000e0000000, 0x00000000e3d80000, 0x00000000f5580000)
  object space 62976K, 0% used [0x00000000e0000000,0x00000000e0000000,0x00000000e3d80000)
 Metaspace       used 6291K, capacity 6624K, committed 6784K, reserved 1056768K
  class space    used 756K, capacity 784K, committed 896K, reserved 1048576K
Event: 5.055 GC heap after
Heap after GC invocations=1 (full 0):
 PSYoungGen      total 27648K, used 3556K [0x00000000f5580000, 0x00000000f7400000, 0x0000000100000000)
  eden space 24064K, 0% used [0x00000000f5580000,0x00000000f5580000,0x00000000f6d00000)
  from space 3584K, 99% used [0x00000000f6d00000,0x00000000f70790c0,0x00000000f7080000)
  to   space 3584K, 0% used [0x00000000f7080000,0x00000000f7080000,0x00000000f7400000)
 ParOldGen       total 62976K, used 116K [0x00000000e0000000, 0x00000000e3d80000, 0x00000000f5580000)
  object space 62976K, 0% used [0x00000000e0000000,0x00000000e001d328,0x00000000e3d80000)
 Metaspace       used 6291K, capacity 6624K, committed 6784K, reserved 1056768K
  class space    used 756K, capacity 784K, committed 896K, reserved 1048576K
}
Event: 6.473 GC heap before
{Heap before GC invocations=2 (full 0):
 PSYoungGen      total 27648K, used 27620K [0x00000000f5580000, 0x00000000f7400000, 0x0000000100000000)
  eden space 24064K, 100% used [0x00000000f5580000,0x00000000f6d00000,0x00000000f6d00000)
  from space 3584K, 99% used [0x00000000f6d00000,0x00000000f70790c0,0x00000000f7080000)
  to   space 3584K, 0% used [0x00000000f7080000,0x00000000f7080000,0x00000000f7400000)
 ParOldGen       total 62976K, used 116K [0x00000000e0000000, 0x00000000e3d80000, 0x00000000f5580000)
  object space 62976K, 0% used [0x00000000e0000000,0x00000000e001d328,0x00000000e3d80000)
 Metaspace       used 9666K, capacity 9814K, committed 9984K, reserved 1058816K
  class space    used 1145K, capacity 1201K, committed 1280K, reserved 1048576K
Event: 6.512 GC heap after
Heap after GC invocations=2 (full 0):
 PSYoungGen      total 27648K, used 3581K [0x00000000f5580000, 0x00000000f8b80000, 0x0000000100000000)
  eden space 24064K, 0% used [0x00000000f5580000,0x00000000f5580000,0x00000000f6d00000)
  from space 3584K, 99% used [0x00000000f7080000,0x00000000f73ff770,0x00000000f7400000)
  to   space 3584K, 0% used [0x00000000f6d00000,0x00000000f6d00000,0x00000000f7080000)
 ParOldGen       total 62976K, used 779K [0x00000000e0000000, 0x00000000e3d80000, 0x00000000f5580000)
  object space 62976K, 1% used [0x00000000e0000000,0x00000000e00c2c98,0x00000000e3d80000)
 Metaspace       used 9666K, capacity 9814K, committed 9984K, reserved 1058816K
  class space    used 1145K, capacity 1201K, committed 1280K, reserved 1048576K
}
Event: 10.055 GC heap before
{Heap before GC invocations=3 (full 0):
 PSYoungGen      total 27648K, used 27645K [0x00000000f5580000, 0x00000000f8b80000, 0x0000000100000000)
  eden space 24064K, 100% used [0x00000000f5580000,0x00000000f6d00000,0x00000000f6d00000)
  from space 3584K, 99% used [0x00000000f7080000,0x00000000f73ff770,0x00000000f7400000)
  to   space 3584K, 0% used [0x00000000f6d00000,0x00000000f6d00000,0x00000000f7080000)
 ParOldGen       total 62976K, used 779K [0x00000000e0000000, 0x00000000e3d80000, 0x00000000f5580000)
  object space 62976K, 1% used [0x00000000e0000000,0x00000000e00c2c98,0x00000000e3d80000)
 Metaspace       used 13009K, capacity 13124K, committed 13440K, reserved 1060864K
  class space    used 1549K, capacity 1604K, committed 1664K, reserved 1048576K
Event: 10.061 GC heap after
Heap after GC invocations=3 (full 0):
 PSYoungGen      total 27648K, used 3559K [0x00000000f5580000, 0x00000000f8b80000, 0x0000000100000000)
  eden space 24064K, 0% used [0x00000000f5580000,0x00000000f5580000,0x00000000f6d00000)
  from space 3584K, 99% used [0x00000000f6d00000,0x00000000f7079f68,0x00000000f7080000)
  to   space 3584K, 0% used [0x00000000f8800000,0x00000000f8800000,0x00000000f8b80000)
 ParOldGen       total 62976K, used 1287K [0x00000000e0000000, 0x00000000e3d80000, 0x00000000f5580000)
  object space 62976K, 2% used [0x00000000e0000000,0x00000000e0141d78,0x00000000e3d80000)
 Metaspace       used 13009K, capacity 13124K, committed 13440K, reserved 1060864K
  class space    used 1549K, capacity 1604K, committed 1664K, reserved 1048576K
}
Event: 10.630 GC heap before
{Heap before GC invocations=4 (full 0):
 PSYoungGen      total 27648K, used 27623K [0x00000000f5580000, 0x00000000f8b80000, 0x0000000100000000)
  eden space 24064K, 100% used [0x00000000f5580000,0x00000000f6d00000,0x00000000f6d00000)
  from space 3584K, 99% used [0x00000000f6d00000,0x00000000f7079f68,0x00000000f7080000)
  to   space 3584K, 0% used [0x00000000f8800000,0x00000000f8800000,0x00000000f8b80000)
 ParOldGen       total 62976K, used 1287K [0x00000000e0000000, 0x00000000e3d80000, 0x00000000f5580000)
  object space 62976K, 2% used [0x00000000e0000000,0x00000000e0141d78,0x00000000e3d80000)
 Metaspace       used 14506K, capacity 14716K, committed 14976K, reserved 1062912K
  class space    used 1735K, capacity 1812K, committed 1920K, reserved 1048576K
Event: 10.639 GC heap after
Heap after GC invocations=4 (full 0):
 PSYoungGen      total 51712K, used 3571K [0x00000000f5580000, 0x00000000f8b80000, 0x0000000100000000)
  eden space 48128K, 0% used [0x00000000f5580000,0x00000000f5580000,0x00000000f8480000)
  from space 3584K, 99% used [0x00000000f8800000,0x00000000f8b7ccb8,0x00000000f8b80000)
  to   space 3584K, 0% used [0x00000000f8480000,0x00000000f8480000,0x00000000f8800000)
 ParOldGen       total 62976K, used 2036K [0x00000000e0000000, 0x00000000e3d80000, 0x00000000f5580000)
  object space 62976K, 3% used [0x00000000e0000000,0x00000000e01fd088,0x00000000e3d80000)
 Metaspace       used 14506K, capacity 14716K, committed 14976K, reserved 1062912K
  class space    used 1735K, capacity 1812K, committed 1920K, reserved 1048576K
}

